  stdafx.cpp
d:\dx90sdk\dx90\include\d3d9types.h(1390): warning C4819: 该文件包含不能在当前代码页(936)中表示的字符。请将该文件保存为 Unicode 格式以防止数据丢失
  TalkDemoDlg.cpp
d:\i8h-sdk发客户\客户技术支持参考demo汇总\talkdemo通道号减一\talkdemo\inc\inttypes.h(42): warning C4005: “INT16_MAX”: 宏重定义
  c:\program files (x86)\windows kits\8.1\include\shared\intsafe.h(177): note: 参见“INT16_MAX”的前一个定义
d:\i8h-sdk发客户\客户技术支持参考demo汇总\talkdemo通道号减一\talkdemo\inc\inttypes.h(43): warning C4005: “INT16_MIN”: 宏重定义
  c:\program files (x86)\windows kits\8.1\include\shared\intsafe.h(152): note: 参见“INT16_MIN”的前一个定义
d:\i8h-sdk发客户\客户技术支持参考demo汇总\talkdemo通道号减一\talkdemo\inc\inttypes.h(70): warning C4005: “INT32_MAX”: 宏重定义
  c:\program files (x86)\windows kits\8.1\include\shared\intsafe.h(182): note: 参见“INT32_MAX”的前一个定义
d:\i8h-sdk发客户\客户技术支持参考demo汇总\talkdemo通道号减一\talkdemo\inc\inttypes.h(71): warning C4005: “INT32_MIN”: 宏重定义
  c:\program files (x86)\windows kits\8.1\include\shared\intsafe.h(154): note: 参见“INT32_MIN”的前一个定义
  TalkDemo.cpp
d:\i8h-sdk发客户\客户技术支持参考demo汇总\talkdemo通道号减一\talkdemo\inc\inttypes.h(42): warning C4005: “INT16_MAX”: 宏重定义
  c:\program files (x86)\windows kits\8.1\include\shared\intsafe.h(177): note: 参见“INT16_MAX”的前一个定义
d:\i8h-sdk发客户\客户技术支持参考demo汇总\talkdemo通道号减一\talkdemo\inc\inttypes.h(43): warning C4005: “INT16_MIN”: 宏重定义
  c:\program files (x86)\windows kits\8.1\include\shared\intsafe.h(152): note: 参见“INT16_MIN”的前一个定义
d:\i8h-sdk发客户\客户技术支持参考demo汇总\talkdemo通道号减一\talkdemo\inc\inttypes.h(70): warning C4005: “INT32_MAX”: 宏重定义
  c:\program files (x86)\windows kits\8.1\include\shared\intsafe.h(182): note: 参见“INT32_MAX”的前一个定义
d:\i8h-sdk发客户\客户技术支持参考demo汇总\talkdemo通道号减一\talkdemo\inc\inttypes.h(71): warning C4005: “INT32_MIN”: 宏重定义
  c:\program files (x86)\windows kits\8.1\include\shared\intsafe.h(154): note: 参见“INT32_MIN”的前一个定义
  AntsCAPVoiceCaptureSession.cpp
d:\i8h-sdk发客户\客户技术支持参考demo汇总\talkdemo通道号减一\talkdemo\inc\inttypes.h(42): warning C4005: “INT16_MAX”: 宏重定义
  c:\program files (x86)\windows kits\8.1\include\shared\intsafe.h(177): note: 参见“INT16_MAX”的前一个定义
d:\i8h-sdk发客户\客户技术支持参考demo汇总\talkdemo通道号减一\talkdemo\inc\inttypes.h(43): warning C4005: “INT16_MIN”: 宏重定义
  c:\program files (x86)\windows kits\8.1\include\shared\intsafe.h(152): note: 参见“INT16_MIN”的前一个定义
d:\i8h-sdk发客户\客户技术支持参考demo汇总\talkdemo通道号减一\talkdemo\inc\inttypes.h(70): warning C4005: “INT32_MAX”: 宏重定义
  c:\program files (x86)\windows kits\8.1\include\shared\intsafe.h(182): note: 参见“INT32_MAX”的前一个定义
d:\i8h-sdk发客户\客户技术支持参考demo汇总\talkdemo通道号减一\talkdemo\inc\inttypes.h(71): warning C4005: “INT32_MIN”: 宏重定义
  c:\program files (x86)\windows kits\8.1\include\shared\intsafe.h(154): note: 参见“INT32_MIN”的前一个定义
  正在生成代码...
AntsCAPVoiceCaptureSession.obj : warning LNK4075: 忽略“/EDITANDCONTINUE”(由于“/OPT:LBR”规范)
LINK : warning LNK4098: 默认库“LIBCMT”与其他库的使用冲突；请使用 /NODEFAULTLIB:library
  TalkDemo.vcxproj -> D:\I8H-SDK发客户\客户技术支持参考DEMO汇总\TalkDemo通道号减一\TalkDemo\Debug\TalkDemo.exe
  TalkDemo.vcxproj -> D:\I8H-SDK发客户\客户技术支持参考DEMO汇总\TalkDemo通道号减一\TalkDemo\Debug\TalkDemo.pdb (Full PDB)
